<?xml version="1.0" encoding="UTF-8"?>
<!-- Generated by org.testng.reporters.JUnitReportReporter -->
<testsuite hostname="DESKTOP-T3AL1TR" failures="0" tests="5" name="lesson9.TestCases" time="0.648" errors="0" timestamp="2024-06-25T11:56:45 EET" skipped="3">
  <testcase classname="lesson9.TestCases" name="Login" time="0.434"/>
  <system-out/>
  <testcase classname="lesson9.TestCases" name="AddingPricesLessThan$15" time="0.214"/>
  <system-out/>
  <testcase classname="lesson9.TestCases" name="AddAllItems">
    <skipped/>
  </testcase> <!-- AddAllItems -->
  <system-out/>
  <testcase classname="lesson9.TestCases" name="AddOneItemsAfterTheOther">
    <skipped/>
  </testcase> <!-- AddOneItemsAfterTheOther -->
  <system-out/>
  <testcase classname="lesson9.TestCases" name="AddElementWithLabWord">
    <skipped/>
  </testcase> <!-- AddElementWithLabWord -->
  <system-out/>
</testsuite> <!-- lesson9.TestCases -->
